Using pre-set license
Built from '2020.3/staging' branch; Version is '2020.3.30f1 (1fb1bf06830e) revision 2077119'; Using compiler version '192528614'; Build Type 'Release'
OS: 'Windows 10  (10.0.19044) 64bit Professional' Language: 'ko' Physical Memory: 16335 MB
BatchMode: 1, IsHumanControllingUs: 0, StartBugReporterOnCrash: 0, Is64bit: 1, IsPro: 0

COMMAND LINE ARGUMENTS:
C:\Program Files\Unity\Hub\Editor\2020.3.30f1\Editor\Unity.exe
-adb2
-batchMode
-noUpm
-name
AssetImportWorker1
-projectPath
D:/HSJprojects/HSJ_RPG
-logFile
Logs/AssetImportWorker1.log
-srvPort
56385
Successfully changed project path to: D:/HSJprojects/HSJ_RPG
D:/HSJprojects/HSJ_RPG
Using Asset Import Pipeline V2.
Refreshing native plugins compatible for Editor in 50.54 ms, found 2 plugins.
Preloading 0 native plugins for Editor in 0.00 ms.
Initialize engine version: 2020.3.30f1 (1fb1bf06830e)
[Subsystems] Discovering subsystems at path C:/Program Files/Unity/Hub/Editor/2020.3.30f1/Editor/Data/Resources/UnitySubsystems
[Subsystems] Discovering subsystems at path D:/HSJprojects/HSJ_RPG/Assets
GfxDevice: creating device client; threaded=0
Direct3D:
    Version:  Direct3D 11.0 [level 11.1]
    Renderer: NVIDIA GeForce GTX 1060 6GB (ID=0x1c03)
    Vendor:   
    VRAM:     6052 MB
    Driver:   30.0.15.1215
Shader 'Custom/BackGround/AlphaFadeShader': fallback shader 'Transparent' not found
Initialize mono
Mono path[0] = 'C:/Program Files/Unity/Hub/Editor/2020.3.30f1/Editor/Data/Managed'
Mono path[1] = 'C:/Program Files/Unity/Hub/Editor/2020.3.30f1/Editor/Data/MonoBleedingEdge/lib/mono/unityjit'
Mono config path = 'C:/Program Files/Unity/Hub/Editor/2020.3.30f1/Editor/Data/MonoBleedingEdge/etc'
Using monoOptions --debugger-agent=transport=dt_socket,embedding=1,server=y,suspend=n,address=127.0.0.1:56076
Begin MonoManager ReloadAssembly
Registering precompiled unity dll's ...
Register platform support module: C:/Program Files/Unity/Hub/Editor/2020.3.30f1/Editor/Data/PlaybackEngines/WindowsStandaloneSupport/UnityEditor.WindowsStandalone.Extensions.dll
Registered in 0.004866 seconds.
Native extension for WindowsStandalone target not found
Refreshing native plugins compatible for Editor in 58.19 ms, found 2 plugins.
Preloading 0 native plugins for Editor in 0.00 ms.
Mono: successfully reloaded assembly
- Completed reload, in  0.770 seconds
Domain Reload Profiling:
	ReloadAssembly (770ms)
		BeginReloadAssembly (117ms)
			ExecutionOrderSort (0ms)
			DisableScriptedObjects (0ms)
			BackupInstance (0ms)
			ReleaseScriptingObjects (0ms)
			CreateAndSetChildDomain (1ms)
		EndReloadAssembly (554ms)
			LoadAssemblies (112ms)
			RebuildTransferFunctionScriptingTraits (0ms)
			SetupTypeCache (167ms)
			ReleaseScriptCaches (0ms)
			RebuildScriptCaches (40ms)
			SetupLoadedEditorAssemblies (214ms)
				LogAssemblyErrors (0ms)
				InitializePlatformSupportModulesInManaged (6ms)
				SetLoadedEditorAssemblies (0ms)
				RefreshPlugins (58ms)
				BeforeProcessingInitializeOnLoad (18ms)
				ProcessInitializeOnLoadAttributes (99ms)
				ProcessInitializeOnLoadMethodAttributes (32ms)
				AfterProcessingInitializeOnLoad (0ms)
				EditorAssembliesLoaded (0ms)
			ExecutionOrderSort2 (0ms)
			AwakeInstancesAfterBackupRestoration (0ms)
Platform modules already initialized, skipping
Registering precompiled user dll's ...
Registered in 0.005099 seconds.
Begin MonoManager ReloadAssembly
Native extension for WindowsStandalone target not found
Refreshing native plugins compatible for Editor in 0.53 ms, found 2 plugins.
Preloading 0 native plugins for Editor in 0.00 ms.
Mono: successfully reloaded assembly
- Completed reload, in  1.277 seconds
Domain Reload Profiling:
	ReloadAssembly (1279ms)
		BeginReloadAssembly (208ms)
			ExecutionOrderSort (0ms)
			DisableScriptedObjects (6ms)
			BackupInstance (0ms)
			ReleaseScriptingObjects (0ms)
			CreateAndSetChildDomain (21ms)
		EndReloadAssembly (988ms)
			LoadAssemblies (145ms)
			RebuildTransferFunctionScriptingTraits (0ms)
			SetupTypeCache (315ms)
			ReleaseScriptCaches (0ms)
			RebuildScriptCaches (63ms)
			SetupLoadedEditorAssemblies (393ms)
				LogAssemblyErrors (0ms)
				InitializePlatformSupportModulesInManaged (6ms)
				SetLoadedEditorAssemblies (1ms)
				RefreshPlugins (1ms)
				BeforeProcessingInitializeOnLoad (102ms)
				ProcessInitializeOnLoadAttributes (255ms)
				ProcessInitializeOnLoadMethodAttributes (13ms)
				AfterProcessingInitializeOnLoad (16ms)
				EditorAssembliesLoaded (0ms)
			ExecutionOrderSort2 (0ms)
			AwakeInstancesAfterBackupRestoration (8ms)
Platform modules already initialized, skipping
========================================================================
Worker process is ready to serve import requests
Shader 'Custom/BackGround/AlphaFadeShader': fallback shader 'Transparent' not found
Launched and connected shader compiler UnityShaderCompiler.exe after 0.08 seconds
Refreshing native plugins compatible for Editor in 0.68 ms, found 2 plugins.
Preloading 0 native plugins for Editor in 0.00 ms.
Unloading 1689 Unused Serialized files (Serialized files now loaded: 0)
System memory in use before: 98.8 MB.
System memory in use after: 98.9 MB.

Unloading 18 unused Assets to reduce memory usage. Loaded Objects now: 2161.
Total: 5.039500 ms (FindLiveObjects: 0.222900 ms CreateObjectMapping: 0.046600 ms MarkObjects: 4.622500 ms  DeleteObjects: 0.145900 ms)

AssetImportParameters requested are different than current active one (requested -> active):
  custom:framework-win-MediaFoundation: 216162199b28c13a410421893ffa2e32 -> 
  custom:video-decoder-ogg-theora: a1e56fd34408186e4bbccfd4996cb3dc -> 
  custom:container-muxer-webm: aa71ff27fc2769a1b78a27578f13a17b -> 
  custom:container-demuxer-webm: 4f35f7cbe854078d1ac9338744f61a02 -> 
  custom:container-demuxer-ogg: 62fdf1f143b41e24485cea50d1cbac27 -> 
  custom:video-encoder-webm-vp8: eb34c28f22e8b96e1ab97ce403110664 -> 
  custom:video-decoder-webm-vp8: 9c59270c3fd7afecdb556c50c9e8de78 -> 
  custom:audio-decoder-ogg-vorbis: bf7c407c2cedff20999df2af8eb42d56 -> 
  custom:audio-encoder-webm-vorbis: bf7c407c2cedff20999df2af8eb42d56 -> 
========================================================================
Received Import Request.
  path: Assets/Hovl Studio/Procedural fire/Prefabs/Magic fire 3.prefab
  artifactKey: Guid(78e8b38d431ddef4fa2994a3f2d6e2ff) Importer(815301076,1909f56bfc062723c751e8b465ee728b)
Start importing Assets/Hovl Studio/Procedural fire/Prefabs/Magic fire 3.prefab using Guid(78e8b38d431ddef4fa2994a3f2d6e2ff) Importer(815301076,1909f56bfc062723c751e8b465ee728b)  -> (artifact id: 'c75bbee9fb8db08af41f2c1d5edbad82') in 0.163504 seconds 
========================================================================
Received Import Request.
  Time since last request: 0.000452 seconds.
  path: Assets/Hovl Studio/Procedural fire/Prefabs
  artifactKey: Guid(6a69c24f54926f14cbc357dd8ae715a2) Importer(815301076,1909f56bfc062723c751e8b465ee728b)
Start importing Assets/Hovl Studio/Procedural fire/Prefabs using Guid(6a69c24f54926f14cbc357dd8ae715a2) Importer(815301076,1909f56bfc062723c751e8b465ee728b)  -> (artifact id: 'd8aa4d7cc08503d1aa6419039e8b3f4e') in 0.007412 seconds 
========================================================================
Received Import Request.
  Time since last request: 0.000363 seconds.
  path: Assets/Hovl Studio/Procedural fire/Prefabs/Explosion.prefab
  artifactKey: Guid(67a684e320da6e7439421a07e3fa265c) Importer(815301076,1909f56bfc062723c751e8b465ee728b)
Start importing Assets/Hovl Studio/Procedural fire/Prefabs/Explosion.prefab using Guid(67a684e320da6e7439421a07e3fa265c) Importer(815301076,1909f56bfc062723c751e8b465ee728b)  -> (artifact id: '71db7b7f8caad34d3b24d8b7df7b8f8f') in 0.084966 seconds 
========================================================================
Received Import Request.
  Time since last request: 0.000342 seconds.
  path: Assets/Hovl Studio/Procedural fire/Prefabs/Magic fire pro orange.prefab
  artifactKey: Guid(e55149ba6f4d00741984987e258c3378) Importer(815301076,1909f56bfc062723c751e8b465ee728b)
Start importing Assets/Hovl Studio/Procedural fire/Prefabs/Magic fire pro orange.prefab using Guid(e55149ba6f4d00741984987e258c3378) Importer(815301076,1909f56bfc062723c751e8b465ee728b)  -> (artifact id: 'ae5785d5aa7e962d7144e1a59526152e') in 0.019221 seconds 
========================================================================
Received Import Request.
  Time since last request: 0.000300 seconds.
  path: Assets/Hovl Studio/Procedural fire/Prefabs/Magic fire pro yellow.prefab
  artifactKey: Guid(52d340ed9c2714c4f8aabf1f82df1b58) Importer(815301076,1909f56bfc062723c751e8b465ee728b)
Start importing Assets/Hovl Studio/Procedural fire/Prefabs/Magic fire pro yellow.prefab using Guid(52d340ed9c2714c4f8aabf1f82df1b58) Importer(815301076,1909f56bfc062723c751e8b465ee728b)  -> (artifact id: 'f9dbfb7b7bdc849cd7b7ec4773ac5ab6') in 0.018976 seconds 
========================================================================
Received Import Request.
  Time since last request: 0.000357 seconds.
  path: Assets/Hovl Studio/Procedural fire/Prefabs/Magic fire pro blue.prefab
  artifactKey: Guid(c590b17884b119046bc6412066500b7d) Importer(815301076,1909f56bfc062723c751e8b465ee728b)
Start importing Assets/Hovl Studio/Procedural fire/Prefabs/Magic fire pro blue.prefab using Guid(c590b17884b119046bc6412066500b7d) Importer(815301076,1909f56bfc062723c751e8b465ee728b)  -> (artifact id: '7f5d6ffe8531d3eb67f786dbd989abca') in 0.019539 seconds 
========================================================================
Received Import Request.
  Time since last request: 0.000316 seconds.
  path: Assets/Hovl Studio/Procedural fire/Prefabs/RotatorPS2.prefab
  artifactKey: Guid(26255240385821a4185c7163c7a7aec6) Importer(815301076,1909f56bfc062723c751e8b465ee728b)
Start importing Assets/Hovl Studio/Procedural fire/Prefabs/RotatorPS2.prefab using Guid(26255240385821a4185c7163c7a7aec6) Importer(815301076,1909f56bfc062723c751e8b465ee728b)  -> (artifact id: '55f99474df5877456772cf1917dec502') in 0.029070 seconds 
========================================================================
Received Import Request.
  Time since last request: 0.000376 seconds.
  path: Assets/Hovl Studio/Procedural fire/Materials/FireSphere1.mat
  artifactKey: Guid(14fab0de6c54324468738e7b38a88207) Importer(815301076,1909f56bfc062723c751e8b465ee728b)
Start importing Assets/Hovl Studio/Procedural fire/Materials/FireSphere1.mat using Guid(14fab0de6c54324468738e7b38a88207) Importer(815301076,1909f56bfc062723c751e8b465ee728b)  -> (artifact id: '4c1d95e5c047cbadf363268d37176f03') in 0.050192 seconds 
========================================================================
Received Import Request.
  Time since last request: 0.000310 seconds.
  path: Assets/Hovl Studio/Procedural fire/Prefabs/Magic fire 0.prefab
  artifactKey: Guid(08fd1b80cc24cc8439f45fda3c558255) Importer(815301076,1909f56bfc062723c751e8b465ee728b)
Start importing Assets/Hovl Studio/Procedural fire/Prefabs/Magic fire 0.prefab using Guid(08fd1b80cc24cc8439f45fda3c558255) Importer(815301076,1909f56bfc062723c751e8b465ee728b)  -> (artifact id: '0e21ad73db0e46969d5d071267c482ef') in 0.019400 seconds 
========================================================================
Received Import Request.
  Time since last request: 0.000373 seconds.
  path: Assets/Hovl Studio/Procedural fire/Prefabs/Magic fire pro green.prefab
  artifactKey: Guid(3d35e81bdc5955041be098ef22e82a3b) Importer(815301076,1909f56bfc062723c751e8b465ee728b)
Start importing Assets/Hovl Studio/Procedural fire/Prefabs/Magic fire pro green.prefab using Guid(3d35e81bdc5955041be098ef22e82a3b) Importer(815301076,1909f56bfc062723c751e8b465ee728b)  -> (artifact id: '8607a1571ecf19df56e8ab20e89cae6b') in 0.020999 seconds 
========================================================================
Received Import Request.
  Time since last request: 0.000456 seconds.
  path: Assets/Hovl Studio/Procedural fire/Prefabs/Magic fire pro red.prefab
  artifactKey: Guid(eca000ab44c908d4dab395f654753038) Importer(815301076,1909f56bfc062723c751e8b465ee728b)
Start importing Assets/Hovl Studio/Procedural fire/Prefabs/Magic fire pro red.prefab using Guid(eca000ab44c908d4dab395f654753038) Importer(815301076,1909f56bfc062723c751e8b465ee728b)  -> (artifact id: '52464a138013feb609f1acab3acdc5ec') in 0.021604 seconds 
========================================================================
Received Import Request.
  Time since last request: 0.000332 seconds.
  path: Assets/Hovl Studio/Procedural fire/Prefabs/Magic fire 2.prefab
  artifactKey: Guid(529eb4216865eba419c1a4a68d0b0388) Importer(815301076,1909f56bfc062723c751e8b465ee728b)
Start importing Assets/Hovl Studio/Procedural fire/Prefabs/Magic fire 2.prefab using Guid(529eb4216865eba419c1a4a68d0b0388) Importer(815301076,1909f56bfc062723c751e8b465ee728b)  -> (artifact id: '84913acbe89e80c73993d7962c597e26') in 0.016238 seconds 
========================================================================
Received Import Request.
  Time since last request: 0.000307 seconds.
  path: Assets/Hovl Studio/Procedural fire
  artifactKey: Guid(ea9a10b414e2dc0409f674f872c26243) Importer(815301076,1909f56bfc062723c751e8b465ee728b)
Start importing Assets/Hovl Studio/Procedural fire using Guid(ea9a10b414e2dc0409f674f872c26243) Importer(815301076,1909f56bfc062723c751e8b465ee728b)  -> (artifact id: '7596fad1c508b70df7b9ee489a0c6f19') in 0.042360 seconds 
========================================================================
Received Import Request.
  Time since last request: 0.000267 seconds.
  path: Assets/Data/Json
  artifactKey: Guid(53cfeaa01e78be64cbe8ab1ba917c8da) Importer(815301076,1909f56bfc062723c751e8b465ee728b)
Start importing Assets/Data/Json using Guid(53cfeaa01e78be64cbe8ab1ba917c8da) Importer(815301076,1909f56bfc062723c751e8b465ee728b)  -> (artifact id: 'd59207b93f494b6098e5bcefe88448db') in 0.025149 seconds 
========================================================================
Received Import Request.
  Time since last request: 0.000282 seconds.
  path: Assets/Hovl Studio/Procedural fire/Prefabs/RotatorPS1.prefab
  artifactKey: Guid(1381b64ff1936ac4e80c3a00687081f3) Importer(815301076,1909f56bfc062723c751e8b465ee728b)
Start importing Assets/Hovl Studio/Procedural fire/Prefabs/RotatorPS1.prefab using Guid(1381b64ff1936ac4e80c3a00687081f3) Importer(815301076,1909f56bfc062723c751e8b465ee728b)  -> (artifact id: '5ddf61f9b9294492263c7229c6bb22fb') in 0.018174 seconds 
========================================================================
Received Import Request.
  Time since last request: 0.000340 seconds.
  path: Assets/Hovl Studio/Procedural fire/Prefabs/Magic fire 1.prefab
  artifactKey: Guid(25093a0593dc83043a7bc17ebba0e95d) Importer(815301076,1909f56bfc062723c751e8b465ee728b)
Start importing Assets/Hovl Studio/Procedural fire/Prefabs/Magic fire 1.prefab using Guid(25093a0593dc83043a7bc17ebba0e95d) Importer(815301076,1909f56bfc062723c751e8b465ee728b)  -> (artifact id: 'fc2b8388921926e9152906465eb84132') in 0.021189 seconds 
